\BOOKMARK [1][-]{section.1}{\376\377\0001\000\040\000I\000n\000t\000r\000o\000d\000u\000c\000t\000i\000o\000n}{}% 1
\BOOKMARK [1][-]{section.2}{\376\377\0002\000\040\000I\000n\000s\000t\000a\000l\000l\000a\000t\000i\000o\000n\000\040\000p\000r\000e\000r\000e\000q\000u\000i\000s\000i\000t\000e\000s}{}% 2
\BOOKMARK [1][-]{section.3}{\376\377\0003\000\040\000G\000e\000n\000e\000r\000a\000t\000i\000n\000g\000\040\000t\000h\000e\000\040\000c\000\040\000i\000n\000t\000e\000r\000f\000a\000c\000e\000\040\000-\000\040\000t\000h\000e\000\040\000S\000W\000I\000G\000\040\000f\000i\000l\000e}{}% 3
\BOOKMARK [2][-]{subsection.3.1}{\376\377\0003\000.\0001\000\040\000E\000x\000c\000e\000p\000t\000i\000o\000n\000s}{section.3}% 4
\BOOKMARK [2][-]{subsection.3.2}{\376\377\0003\000.\0002\000\040\000E\000x\000c\000e\000p\000t\000i\000o\000n\000s}{section.3}% 5
\BOOKMARK [1][-]{section.4}{\376\377\0004\000\040\000D\000o\000c\000s\000t\000r\000i\000n\000g\000s}{}% 6
\BOOKMARK [1][-]{section.5}{\376\377\0005\000\040\000W\000r\000a\000p\000p\000e\000r\000s}{}% 7
\BOOKMARK [1][-]{section.6}{\376\377\0006\000\040\000B\000u\000i\000l\000d\000i\000n\000g\000\040\000p\000y\000t\000h\000o\000n\000\040\000e\000x\000t\000e\000n\000s\000i\000o\000n\000s\000\040\000-\000\040\000t\000h\000e\000\040\000s\000e\000t\000u\000p\000\040\000f\000i\000l\000e}{}% 8
\BOOKMARK [1][-]{section.7}{\376\377\0007\000\040\000B\000u\000i\000l\000d\000i\000n\000g\000\040\000a\000n\000d\000\040\000t\000e\000s\000t\000i\000n\000g\000\040\000t\000h\000e\000\040\000r\000e\000s\000u\000l\000t\000i\000n\000g\000\040\000p\000a\000c\000k\000a\000g\000e}{}% 9
\BOOKMARK [1][-]{section.8}{\376\377\0008\000\040\000D\000e\000b\000u\000g\000g\000i\000n\000g\000\040\000c\000o\000m\000p\000i\000l\000e\000d\000\040\000e\000x\000t\000e\000n\000s\000i\000o\000n\000s}{}% 10
\BOOKMARK [1][-]{section.9}{\376\377\0009\000\040\000T\000h\000i\000n\000g\000s\000\040\000w\000h\000i\000c\000h\000\040\000a\000r\000e\000\040\000c\000u\000r\000r\000e\000n\000t\000l\000y\000\040\000m\000i\000s\000s\000i\000n\000g}{}% 11
\BOOKMARK [1][-]{section.10}{\376\377\0001\0000\000\040\000T\000e\000s\000t\000i\000n\000g}{}% 12
\BOOKMARK [2][-]{subsection.10.1}{\376\377\0001\0000\000.\0001\000\040\000R\000e\000a\000d\000\040\000a\000\040\000f\000i\000l\000e\000\040\000b\000a\000s\000e\000d\000\040\000o\000n\000\040\000c\000i\000f\0002\000c\000b\000f\000.\000c}{section.10}% 13
\BOOKMARK [2][-]{subsection.10.2}{\376\377\0001\0000\000.\0002\000\040\000T\000r\000y\000\040\000t\000o\000\040\000t\000e\000s\000t\000\040\000t\000h\000e\000\040\000g\000o\000n\000i\000o\000m\000e\000t\000e\000r\000\040\000a\000n\000d\000\040\000d\000e\000t\000e\000c\000t\000o\000r}{section.10}% 14
\BOOKMARK [2][-]{subsection.10.3}{\376\377\0001\0000\000.\0003\000\040\000T\000e\000s\000t\000\040\000c\000a\000s\000e\000s\000\040\000f\000o\000r\000\040\000t\000h\000e\000\040\000g\000e\000n\000e\000r\000i\000c\000s}{section.10}% 15
\BOOKMARK [2][-]{subsection.10.4}{\376\377\0001\0000\000.\0004\000\040\000V\000e\000r\000s\000i\000o\000n\000\040\000o\000f\000\040\000p\000y\000c\000b\000f\000t\000e\000s\000t\0001\000\040\000w\000i\000t\000h\000\040\000w\000r\000i\000t\000e\000\040\000l\000o\000g\000i\000c\000\040\000a\000d\000d\000e\000d}{section.10}% 16
\BOOKMARK [2][-]{subsection.10.5}{\376\377\0001\0000\000.\0005\000\040\000P\000r\000o\000c\000e\000s\000s\000i\000n\000g\000\040\000o\000f\000\040\000X\000F\000E\000L\000\040\000a\000x\000e\000s}{section.10}% 17
\BOOKMARK [1][-]{section.11}{\376\377\0001\0001\000\040\000W\000o\000r\000k\000e\000d\000\040\000e\000x\000a\000m\000p\000l\000e\000\040\0001\000\040\000:\000\040\000x\000m\000a\000s\000\040\000b\000e\000a\000m\000l\000i\000n\000e\000\040\000+\000\040\000m\000a\000r\000\040\000c\000c\000d\000\040\000d\000e\000t\000e\000c\000t\000o\000r\000\040\000a\000t\000\040\000t\000h\000e\000\040\000E\000S\000R\000F}{}% 18
\BOOKMARK [2][-]{subsection.11.1}{\376\377\0001\0001\000.\0001\000\040\000R\000e\000a\000d\000i\000n\000g\000\040\000m\000a\000r\000c\000c\000d\000\040\000h\000e\000a\000d\000e\000r\000s}{section.11}% 19
\BOOKMARK [2][-]{subsection.11.2}{\376\377\0001\0001\000.\0002\000\040\000W\000r\000i\000t\000i\000n\000g\000\040\000o\000u\000t\000\040\000c\000i\000f\000\040\000f\000i\000l\000e\000s\000\040\000f\000o\000r\000\040\000f\000i\000t\0002\000d\000/\000x\000m\000a\000s}{section.11}% 20
\BOOKMARK [2][-]{subsection.11.3}{\376\377\0001\0001\000.\0003\000\040\000A\000\040\000t\000e\000m\000p\000l\000a\000t\000e\000\040\000c\000i\000f\000\040\000f\000i\000l\000e\000\040\000f\000o\000r\000\040\000t\000h\000e\000\040\000x\000m\000a\000s\000\040\000b\000e\000a\000m\000l\000i\000n\000e}{section.11}% 21
