This is pdfTeX, Version 3.14159265-2.6-1.40.19 (TeX Live 2018) (preloaded format=latex 2023.1.25)  25 JAN 2023 10:49
entering extended mode
 restricted \write18 enabled.
 %&-line parsing enabled.
**pycbf
(./pycbf.tex
LaTeX2e <2017-04-15>
Babel <3.17> and hyphenation patterns for 3 language(s) loaded.
(/usr/share/texlive/texmf-dist/tex/latex/base/article.cls
Document Class: article 2014/09/29 v1.4h Standard LaTeX document class
(/usr/share/texlive/texmf-dist/tex/latex/base/size10.clo
File: size10.clo 2014/09/29 v1.4h Standard LaTeX file (size option)
)
\c@part=\count79
\c@section=\count80
\c@subsection=\count81
\c@subsubsection=\count82
\c@paragraph=\count83
\c@subparagraph=\count84
\c@figure=\count85
\c@table=\count86
\abovecaptionskip=\skip41
\belowcaptionskip=\skip42
\bibindent=\dimen102
)
(/usr/share/texlive/texmf-dist/tex/latex/graphics/graphics.sty
Package: graphics 2017/06/25 v1.2c Standard LaTeX Graphics (DPC,SPQR)

(/usr/share/texlive/texmf-dist/tex/latex/graphics/trig.sty
Package: trig 2016/01/03 v1.10 sin cos tan (DPC)
)
(/usr/share/texlive/texmf-dist/tex/latex/graphics-cfg/graphics.cfg
File: graphics.cfg 2016/06/04 v1.11 sample graphics configuration
)
Package graphics Info: Driver file: dvips.def on input line 99.

(/usr/share/texlive/texmf-dist/tex/latex/graphics-def/dvips.def
File: dvips.def 2017/06/20 v3.1d Graphics/color driver for dvips
))
(/usr/share/texlive/texmf-dist/tex/latex/anysize/anysize.sty
Package: anysize 1994/08/13 setting margin sizes

document style option `anysize' loaded
Michael Salzenberg, Thomas Esser, Dirk Hillbrecht
Version 1.0, Aug 13, 1994
\@Leftmargin=\dimen103
\@Rightmargin=\dimen104
\@Topmargin=\dimen105
\@Bottommargin=\dimen106
) (/usr/share/texlive/texmf-dist/tex/latex/fancyhdr/fancyhdr.sty
Package: fancyhdr 2017/06/30 v3.9a Extensive control of page headers and footer
s
\f@nch@headwidth=\skip43
\f@nch@O@elh=\skip44
\f@nch@O@erh=\skip45
\f@nch@O@olh=\skip46
\f@nch@O@orh=\skip47
\f@nch@O@elf=\skip48
\f@nch@O@erf=\skip49
\f@nch@O@olf=\skip50
\f@nch@O@orf=\skip51
)
(/usr/share/texlive/texmf-dist/tex/latex/hyperref/hyperref.sty
Package: hyperref 2017/03/14 v6.85a Hypertext links for LaTeX

(/usr/share/texlive/texmf-dist/tex/generic/oberdiek/hobsub-hyperref.sty
Package: hobsub-hyperref 2016/05/16 v1.14 Bundle oberdiek, subset hyperref (HO)


(/usr/share/texlive/texmf-dist/tex/generic/oberdiek/hobsub-generic.sty
Package: hobsub-generic 2016/05/16 v1.14 Bundle oberdiek, subset generic (HO)
Package: hobsub 2016/05/16 v1.14 Construct package bundles (HO)
Package: infwarerr 2016/05/16 v1.4 Providing info/warning/error messages (HO)
Package: ltxcmds 2016/05/16 v1.23 LaTeX kernel commands for general use (HO)
Package: ifluatex 2016/05/16 v1.4 Provides the ifluatex switch (HO)
Package ifluatex Info: LuaTeX not detected.
Package: ifvtex 2016/05/16 v1.6 Detect VTeX and its facilities (HO)
Package ifvtex Info: VTeX not detected.
Package: intcalc 2016/05/16 v1.2 Expandable calculations with integers (HO)
Package: ifpdf 2017/03/15 v3.2 Provides the ifpdf switch
Package: etexcmds 2016/05/16 v1.6 Avoid name clashes with e-TeX commands (HO)
Package etexcmds Info: Could not find \expanded.
(etexcmds)             That can mean that you are not using pdfTeX 1.50 or
(etexcmds)             that some package has redefined \expanded.
(etexcmds)             In the latter case, load this package earlier.
Package: kvsetkeys 2016/05/16 v1.17 Key value parser (HO)
Package: kvdefinekeys 2016/05/16 v1.4 Define keys (HO)
Package: pdftexcmds 2017/03/19 v0.25 Utility functions of pdfTeX for LuaTeX (HO
)
Package pdftexcmds Info: LuaTeX not detected.
Package pdftexcmds Info: \pdf@primitive is available.
Package pdftexcmds Info: \pdf@ifprimitive is available.
Package pdftexcmds Info: \pdfdraftmode is ignored in DVI mode.
Package: pdfescape 2016/05/16 v1.14 Implements pdfTeX's escape features (HO)
Package: bigintcalc 2016/05/16 v1.4 Expandable calculations on big integers (HO
)
Package: bitset 2016/05/16 v1.2 Handle bit-vector datatype (HO)
Package: uniquecounter 2016/05/16 v1.3 Provide unlimited unique counter (HO)
)
Package hobsub Info: Skipping package `hobsub' (already loaded).
Package: letltxmacro 2016/05/16 v1.5 Let assignment for LaTeX macros (HO)
Package: hopatch 2016/05/16 v1.3 Wrapper for package hooks (HO)
Package: xcolor-patch 2016/05/16 xcolor patch
Package: atveryend 2016/05/16 v1.9 Hooks at the very end of document (HO)
Package atveryend Info: \enddocument detected (standard20110627).
Package: atbegshi 2016/06/09 v1.18 At begin shipout hook (HO)
Package: refcount 2016/05/16 v3.5 Data extraction from label references (HO)
Package: hycolor 2016/05/16 v1.8 Color options for hyperref/bookmark (HO)
)
(/usr/share/texlive/texmf-dist/tex/latex/graphics/keyval.sty
Package: keyval 2014/10/28 v1.15 key=value parser (DPC)
\KV@toks@=\toks14
)
(/usr/share/texlive/texmf-dist/tex/generic/ifxetex/ifxetex.sty
Package: ifxetex 2010/09/12 v0.6 Provides ifxetex conditional
)
(/usr/share/texlive/texmf-dist/tex/latex/oberdiek/auxhook.sty
Package: auxhook 2016/05/16 v1.4 Hooks for auxiliary files (HO)
)
(/usr/share/texlive/texmf-dist/tex/latex/oberdiek/kvoptions.sty
Package: kvoptions 2016/05/16 v3.12 Key value format for package options (HO)
)
\@linkdim=\dimen107
\Hy@linkcounter=\count87
\Hy@pagecounter=\count88

(/usr/share/texlive/texmf-dist/tex/latex/hyperref/pd1enc.def
File: pd1enc.def 2017/03/14 v6.85a Hyperref: PDFDocEncoding definition (HO)
)
\Hy@SavedSpaceFactor=\count89

(/usr/share/texlive/texmf-dist/tex/latex/latexconfig/hyperref.cfg
File: hyperref.cfg 2002/06/06 v1.2 hyperref configuration of TeXLive
)
Package hyperref Info: Option `bookmarks' set `true' on input line 4374.
Package hyperref Info: Option `bookmarksnumbered' set `true' on input line 4374
.
Package hyperref Info: Hyper figures OFF on input line 4498.
Package hyperref Info: Link nesting OFF on input line 4503.
Package hyperref Info: Hyper index ON on input line 4506.
Package hyperref Info: Plain pages OFF on input line 4513.
Package hyperref Info: Backreferencing ON on input line 4516.
Package hyperref Info: Implicit mode ON; LaTeX internals redefined.
Package hyperref Info: Bookmarks ON on input line 4751.

(/usr/share/texlive/texmf-dist/tex/latex/hyperref/backref.sty
Package: backref 2016/05/21 v1.39 Bibliographical back referencing

(/usr/share/texlive/texmf-dist/tex/latex/oberdiek/rerunfilecheck.sty
Package: rerunfilecheck 2016/05/16 v1.8 Rerun checks for auxiliary files (HO)
Package uniquecounter Info: New unique counter `rerunfilecheck' on input line 2
82.
))
\c@Hy@tempcnt=\count90

(/usr/share/texlive/texmf-dist/tex/latex/url/url.sty
\Urlmuskip=\muskip10
Package: url 2013/09/16  ver 3.4  Verb mode for urls, etc.
)
LaTeX Info: Redefining \url on input line 5104.
\XeTeXLinkMargin=\dimen108
\Fld@menulength=\count91
\Field@Width=\dimen109
\Fld@charsize=\dimen110
Package hyperref Info: Hyper figures OFF on input line 6358.
Package hyperref Info: Link nesting OFF on input line 6363.
Package hyperref Info: Hyper index ON on input line 6366.
Package hyperref Info: backreferencing ON on input line 6371.
Package hyperref Info: Link coloring OFF on input line 6378.
Package hyperref Info: Link coloring with OCG OFF on input line 6383.
Package hyperref Info: PDF/A mode OFF on input line 6388.
LaTeX Info: Redefining \ref on input line 6428.
LaTeX Info: Redefining \pageref on input line 6432.
\Hy@abspage=\count92
\c@Item=\count93
\c@Hfootnote=\count94
)

Package hyperref Message: Driver: hdvipdfm.

(/usr/share/texlive/texmf-dist/tex/latex/hyperref/hdvipdfm.def
File: hdvipdfm.def 2017/03/14 v6.85a Hyperref driver for dvipdfm
\pdfm@box=\box26
\c@Hy@AnnotLevel=\count95
\HyField@AnnotCount=\count96
\Fld@listcount=\count97
\c@bookmark@seq@number=\count98
\Hy@SectionHShift=\skip52
) (./pycbf.aux)
\openout1 = `pycbf.aux'.

LaTeX Font Info:    Checking defaults for OML/cmm/m/it on input line 102.
LaTeX Font Info:    ... okay on input line 102.
LaTeX Font Info:    Checking defaults for T1/cmr/m/n on input line 102.
LaTeX Font Info:    ... okay on input line 102.
LaTeX Font Info:    Checking defaults for OT1/cmr/m/n on input line 102.
LaTeX Font Info:    ... okay on input line 102.
LaTeX Font Info:    Checking defaults for OMS/cmsy/m/n on input line 102.
LaTeX Font Info:    ... okay on input line 102.
LaTeX Font Info:    Checking defaults for OMX/cmex/m/n on input line 102.
LaTeX Font Info:    ... okay on input line 102.
LaTeX Font Info:    Checking defaults for U/cmr/m/n on input line 102.
LaTeX Font Info:    ... okay on input line 102.
LaTeX Font Info:    Checking defaults for PD1/pdf/m/n on input line 102.
LaTeX Font Info:    ... okay on input line 102.
\AtBeginShipoutBox=\box27
Package hyperref Info: Link coloring OFF on input line 102.

(/usr/share/texlive/texmf-dist/tex/latex/hyperref/nameref.sty
Package: nameref 2016/05/21 v2.44 Cross-referencing by name of section

(/usr/share/texlive/texmf-dist/tex/generic/oberdiek/gettitlestring.sty
Package: gettitlestring 2016/05/16 v1.5 Cleanup title references (HO)
)
\c@section@level=\count99
)
LaTeX Info: Redefining \ref on input line 102.
LaTeX Info: Redefining \pageref on input line 102.
LaTeX Info: Redefining \nameref on input line 102.

(./pycbf.out) (./pycbf.out)
\@outlinefile=\write3
\openout3 = `pycbf.out'.

LaTeX Font Info:    External font `cmex10' loaded for size
(Font)              <12> on input line 132.
LaTeX Font Info:    External font `cmex10' loaded for size
(Font)              <8> on input line 132.
LaTeX Font Info:    External font `cmex10' loaded for size
(Font)              <6> on input line 132.
 (./pycbf.toc
LaTeX Font Info:    External font `cmex10' loaded for size
(Font)              <9> on input line 4.
LaTeX Font Info:    External font `cmex10' loaded for size
(Font)              <5> on input line 4.

! Missing $ inserted.
<inserted text> 
                $
l.16 ...th write logic added}{17}{subsection.10.4}
                                                  
? 
! Extra }, or forgotten $.
<argument> ... pycbf_test1 with write logic added}
                                                  \hyper@linkend 
l.16 ...th write logic added}{17}{subsection.10.4}
                                                  
? 
! Missing $ inserted.
<inserted text> 
                $
l.16 ...th write logic added}{17}{subsection.10.4}
                                                  
? 
! Missing } inserted.
<inserted text> 
                }
l.16 ...th write logic added}{17}{subsection.10.4}
                                                  
? 
)
\tf@toc=\write4
\openout4 = `pycbf.toc'.

 [1

]
LaTeX Font Info:    Try loading font information for OMS+cmr on input line 184.

 (/usr/share/texlive/texmf-dist/tex/latex/base/omscmr.fd
File: omscmr.fd 2014/09/29 v2.5h Standard LaTeX font definitions
)
LaTeX Font Info:    Font shape `OMS/cmr/m/n' in size <9> not available
(Font)              Font shape `OMS/cmsy/m/n' tried instead on input line 184.

Overfull \hbox (10.09409pt too wide) in paragraph at lines 213--219
[]\OT1/cmr/m/n/9 The li-brary ap-pears to de-fine (at least) three ob-jects. Th
e one we started on was the cbf[]handle[]struct
 []

[2] [3]
Overfull \hbox (27.82617pt too wide) in paragraph at lines 415--415
[][][][]\OT1/cmtt/m/n/9 #define CBF_PARSE_TQ    0x0800  /* PARSE treble quotes 
"""...""" and '''...'''       */  
 []


Overfull \hbox (4.20145pt too wide) in paragraph at lines 427--427
[][][][]\OT1/cmtt/m/n/9 #define CBF_PARSE_WIDE      0x4000  /* PARSE wide files
                         */  
 []


Overfull \hbox (4.20145pt too wide) in paragraph at lines 429--429
[][][][]\OT1/cmtt/m/n/9 #define CBF_PARSE_UTF8      0x10000 /* PARSE UTF-8     
                         */  
 []

[4] [5]
Underfull \vbox (badness 10000) has occurred while \output is active []

 [6]
Overfull \hbox (42.001pt too wide) in paragraph at lines 664--664
[][][]                []\OT1/cmtt/m/n/9 PyErr_SetString(PyExc_ValueError,"Expec
ting a sequence of long integers");  
 []


Underfull \vbox (badness 10000) has occurred while \output is active []

 [7]
Overfull \hbox (42.001pt too wide) in paragraph at lines 696--696
[][][]                []\OT1/cmtt/m/n/9 PyErr_SetString(PyExc_ValueError,"Expec
ting a sequence of long integers");  
 []


Underfull \vbox (badness 10000) has occurred while \output is active []

 [8]
[9]
Overfull \hbox (11.92642pt too wide) in paragraph at lines 1027--1027
[][][]      []\OT1/cmtt/m/n/9 while lines[i+1].find("DESCRIPTION")==-1 and line
s[i+1].find("int cbf_")==-1:  
 []


Overfull \hbox (11.92642pt too wide) in paragraph at lines 1194--1194
[][][]     []\OT1/cmtt/m/n/9 "int elements", "int minelement", "int maxelement"
, "char **bo", "int *bolen",  
 []


Overfull \hbox (11.92642pt too wide) in paragraph at lines 1234--1234
[][][]     []\OT1/cmtt/m/n/9 "int elements", "int minelement", "int maxelement"
, "char **bo", "int *bolen",  
 []


Overfull \hbox (11.92642pt too wide) in paragraph at lines 1274--1274
[][][]     []\OT1/cmtt/m/n/9 "int elements", "int minelement", "int maxelement"
, "char **bo", "int *bolen",  
 []


Overfull \hbox (21.37631pt too wide) in paragraph at lines 1478--1478
[][][]    []\OT1/cmtt/m/n/9 "int elsize", "int elsign", "int ndimslow", "int nd
imfast"],["(Binary)String"] ],  
 []


Overfull \hbox (21.37631pt too wide) in paragraph at lines 1507--1507
[][][]    []\OT1/cmtt/m/n/9 "int elsize", "int elsign", "int ndimfast", "int nd
imslow"],["(Binary)String"] ],  
 []


Overfull \hbox (21.37631pt too wide) in paragraph at lines 1536--1536
[][][]    []\OT1/cmtt/m/n/9 "int elsize", "int elsign", "int ndimslow", "int nd
imfast"],["(Binary)String"] ],  
 []


Overfull \hbox (92.25049pt too wide) in paragraph at lines 1652--1652
[][][]    []\OT1/cmtt/m/n/9 "int elsize", "int elsign", "int ndimslow", "int nd
immid", "int ndimfast"],["(Binary)String"] ],  
 []


Overfull \hbox (92.25049pt too wide) in paragraph at lines 1681--1681
[][][]    []\OT1/cmtt/m/n/9 "int elsize", "int elsign", "int ndimfast", "int nd
immid", "int ndimslow"],["(Binary)String"] ],  
 []


Overfull \hbox (92.25049pt too wide) in paragraph at lines 1711--1711
[][][]    []\OT1/cmtt/m/n/9 "int elsize", "int elsign", "int ndimslow", "int nd
immid", "int ndimfast"],["(Binary)String"] ],  
 []


Overfull \hbox (26.10126pt too wide) in paragraph at lines 1741--1741
[][][]    []\OT1/cmtt/m/n/9 "int elsize", "int ndimslow", "int ndimmid", "int n
dimfast"],["(Binary)String"] ],  
 []


Overfull \hbox (26.10126pt too wide) in paragraph at lines 1770--1770
[][][]    []\OT1/cmtt/m/n/9 "int elsize", "int ndimfast", "int ndimmid", "int n
dimslow"],["(Binary)String"] ],  
 []


Overfull \hbox (26.10126pt too wide) in paragraph at lines 1799--1799
[][][]    []\OT1/cmtt/m/n/9 "int elsize", "int ndimslow", "int ndimmid", "int n
dimfast"],["(Binary)String"] ],  
 []


Overfull \hbox (11.92642pt too wide) in paragraph at lines 1867--1867
[][][][]\OT1/cmtt/m/n/9 %apply (char *STRING, int LENGTH) { (char *data, int le
n) } set_integerarray_wdims;  
 []


Overfull \hbox (11.92642pt too wide) in paragraph at lines 1868--1868
[][][][]\OT1/cmtt/m/n/9 %apply (char *STRING, int LENGTH) { (char *bo, int bole
n) } set_integerarray_wdims;  
 []


Overfull \hbox (21.37631pt too wide) in paragraph at lines 1872--1872
[][][]             []\OT1/cmtt/m/n/9 char *bo, int bolen, int dimfast, int dimm
id, int dimslow, int padding){  
 []


Overfull \hbox (78.07565pt too wide) in paragraph at lines 1884--1884
[][][]           []\OT1/cmtt/m/n/9 (void *) data,  (size_t) elsize, elsigned, (
size_t) elements, (const char *)byteorder,  
 []


Overfull \hbox (238.72379pt too wide) in paragraph at lines 1892--1892
[][][] []\OT1/cmtt/m/n/9 "int elsize", "int elsigned", "int elements", "String 
byteorder", "int dimfast", "int dimmid", "int dimslow", "int padding"],[],],  
 []


Overfull \hbox (26.10126pt too wide) in paragraph at lines 1900--1900
[][][][]\OT1/cmtt/m/n/9 %apply (char *STRING, int LENGTH) { (char *data, int le
n) } set_integerarray_wdims_sf;  
 []


Overfull \hbox (26.10126pt too wide) in paragraph at lines 1901--1901
[][][][]\OT1/cmtt/m/n/9 %apply (char *STRING, int LENGTH) { (char *bo, int bole
n) } set_integerarray_wdims_sf;  
 []


Overfull \hbox (21.37631pt too wide) in paragraph at lines 1905--1905
[][][]             []\OT1/cmtt/m/n/9 char *bo, int bolen, int dimslow, int dimm
id, int dimfast, int padding){  
 []


Overfull \hbox (11.92642pt too wide) in paragraph at lines 1916--1916
[][][]           []\OT1/cmtt/m/n/9 cbf_failnez(cbf_set_integerarray_wdims_sf (s
elf, compression, binary_id,  
 []


Overfull \hbox (78.07565pt too wide) in paragraph at lines 1917--1917
[][][]           []\OT1/cmtt/m/n/9 (void *) data,  (size_t) elsize, elsigned, (
size_t) elements, (const char *)byteorder,  
 []


Overfull \hbox (229.2739pt too wide) in paragraph at lines 1925--1925
[][][] []\OT1/cmtt/m/n/9 "int elsize","int elsigned","int elements", "String by
teorder", "int dimslow", "int dimmid", "int dimfast", "int padding"],[],],  
 []


Overfull \hbox (26.10126pt too wide) in paragraph at lines 1932--1932
[][][][]\OT1/cmtt/m/n/9 %apply (char *STRING, int LENGTH) { (char *data, int le
n) } set_integerarray_wdims_fs;  
 []


Overfull \hbox (26.10126pt too wide) in paragraph at lines 1933--1933
[][][][]\OT1/cmtt/m/n/9 %apply (char *STRING, int LENGTH) { (char *bo, int bole
n) } set_integerarray_wdims_fs;  
 []


Overfull \hbox (21.37631pt too wide) in paragraph at lines 1937--1937
[][][]             []\OT1/cmtt/m/n/9 char *bo, int bolen, int dimfast, int dimm
id, int dimslow, int padding){  
 []


Overfull \hbox (11.92642pt too wide) in paragraph at lines 1948--1948
[][][]           []\OT1/cmtt/m/n/9 cbf_failnez(cbf_set_integerarray_wdims_fs (s
elf, compression, binary_id,  
 []


Overfull \hbox (78.07565pt too wide) in paragraph at lines 1949--1949
[][][]           []\OT1/cmtt/m/n/9 (void *) data,  (size_t) elsize, elsigned, (
size_t) elements, (const char *)byteorder,  
 []


Overfull \hbox (229.2739pt too wide) in paragraph at lines 1957--1957
[][][] []\OT1/cmtt/m/n/9 "int elsize","int elsigned","int elements", "String by
teorder", "int dimfast", "int dimmid", "int dimslow", "int padding"],[],],  
 []


Overfull \hbox (21.37631pt too wide) in paragraph at lines 1996--1996
[][][]             []\OT1/cmtt/m/n/9 char *bo, int bolen, int dimfast, int dimm
id, int dimslow, int padding){  
 []


Overfull \hbox (30.8262pt too wide) in paragraph at lines 2008--2008
[][][]           []\OT1/cmtt/m/n/9 (void *) data,  (size_t) elsize, (size_t) el
ements, (const char *)byteorder,  
 []


Overfull \hbox (158.39972pt too wide) in paragraph at lines 2016--2016
[][][] []\OT1/cmtt/m/n/9 "int elsize","int elements", "String byteorder", "int 
dimfast", "int dimmid", "int dimslow", "int padding"],[],],  
 []


Overfull \hbox (11.92642pt too wide) in paragraph at lines 2024--2024
[][][][]\OT1/cmtt/m/n/9 %apply (char *STRING, int LENGTH) { (char *data, int le
n) } set_realarray_wdims_sf;  
 []


Overfull \hbox (11.92642pt too wide) in paragraph at lines 2025--2025
[][][][]\OT1/cmtt/m/n/9 %apply (char *STRING, int LENGTH) { (char *bo, int bole
n) } set_realarray_wdims_sf;  
 []


Overfull \hbox (21.37631pt too wide) in paragraph at lines 2029--2029
[][][]             []\OT1/cmtt/m/n/9 char *bo, int bolen, int dimslow, int dimm
id, int dimfast, int padding){  
 []


Overfull \hbox (30.8262pt too wide) in paragraph at lines 2041--2041
[][][]           []\OT1/cmtt/m/n/9 (void *) data,  (size_t) elsize, (size_t) el
ements, (const char *)byteorder,  
 []


Overfull \hbox (7.20148pt too wide) in paragraph at lines 2042--2042
[][][]           []\OT1/cmtt/m/n/9 (size_t) dimslow, (size_t) dimmid, (size_t) 
dimfast, (size_t)padding));  
 []


Overfull \hbox (158.39972pt too wide) in paragraph at lines 2049--2049
[][][] []\OT1/cmtt/m/n/9 "int elsize","int elements", "String byteorder", "int 
dimslow", "int dimmid", "int dimfast", "int padding"],[],],  
 []


Overfull \hbox (11.92642pt too wide) in paragraph at lines 2057--2057
[][][][]\OT1/cmtt/m/n/9 %apply (char *STRING, int LENGTH) { (char *data, int le
n) } set_realarray_wdims_fs;  
 []


Overfull \hbox (11.92642pt too wide) in paragraph at lines 2058--2058
[][][][]\OT1/cmtt/m/n/9 %apply (char *STRING, int LENGTH) { (char *bo, int bole
n) } set_realarray_wdims_fs;  
 []


Overfull \hbox (21.37631pt too wide) in paragraph at lines 2062--2062
[][][]             []\OT1/cmtt/m/n/9 char *bo, int bolen, int dimfast, int dimm
id, int dimslow, int padding){  
 []


Overfull \hbox (30.8262pt too wide) in paragraph at lines 2074--2074
[][][]           []\OT1/cmtt/m/n/9 (void *) data,  (size_t) elsize, (size_t) el
ements, (const char *)byteorder,  
 []


Overfull \hbox (7.20148pt too wide) in paragraph at lines 2075--2075
[][][]           []\OT1/cmtt/m/n/9 (size_t) dimfast, (size_t) dimmid, (size_t) 
dimslow, (size_t)padding));  
 []


Overfull \hbox (158.39972pt too wide) in paragraph at lines 2082--2082
[][][] []\OT1/cmtt/m/n/9 "int elsize","int elements", "String byteorder", "int 
dimfast", "int dimmid", "int dimslow", "int padding"],[],],  
 []


Overfull \hbox (26.10126pt too wide) in paragraph at lines 2093--2093
[][][]             []\OT1/cmtt/m/n/9 char *data, int len, int elsize, int elsig
n, int ndimslow, int ndimfast){  
 []


Overfull \hbox (7.20148pt too wide) in paragraph at lines 2102--2102
[][][]           []\OT1/cmtt/m/n/9 cbf_failnez(cbf_set_image (self, reserved, e
lement_number, compression,  
 []


Overfull \hbox (45.00104pt too wide) in paragraph at lines 2103--2103
[][][]           []\OT1/cmtt/m/n/9 (void *) data,  (size_t) elsize, elsign, (si
ze_t) ndimslow, (size_t)ndimfast));  
 []


Overfull \hbox (26.10126pt too wide) in paragraph at lines 2121--2121
[][][]             []\OT1/cmtt/m/n/9 char *data, int len, int elsize, int elsig
n, int ndimfast, int ndimslow){  
 []


Overfull \hbox (7.20148pt too wide) in paragraph at lines 2130--2130
[][][]           []\OT1/cmtt/m/n/9 cbf_failnez(cbf_set_image (self, reserved, e
lement_number, compression,  
 []


Overfull \hbox (45.00104pt too wide) in paragraph at lines 2131--2131
[][][]           []\OT1/cmtt/m/n/9 (void *) data,  (size_t) elsize, elsign, (si
ze_t) ndimfast, (size_t)ndimslow));  
 []


Overfull \hbox (26.10126pt too wide) in paragraph at lines 2149--2149
[][][]             []\OT1/cmtt/m/n/9 char *data, int len, int elsize, int elsig
n, int ndimslow, int ndimfast){  
 []


Overfull \hbox (21.37631pt too wide) in paragraph at lines 2158--2158
[][][]           []\OT1/cmtt/m/n/9 cbf_failnez(cbf_set_image_sf (self, reserved
, element_number, compression,  
 []


Overfull \hbox (45.00104pt too wide) in paragraph at lines 2159--2159
[][][]           []\OT1/cmtt/m/n/9 (void *) data,  (size_t) elsize, elsign, (si
ze_t) ndimslow, (size_t)ndimfast));  
 []


Overfull \hbox (30.8262pt too wide) in paragraph at lines 2186--2186
[][][]           []\OT1/cmtt/m/n/9 cbf_failnez(cbf_set_real_image (self, reserv
ed, element_number, compression,  
 []


Overfull \hbox (7.20148pt too wide) in paragraph at lines 2187--2187
[][][]           []\OT1/cmtt/m/n/9 (void *) data,  (size_t) elsize, (size_t) nd
imslow, (size_t)ndimfast));  
 []


Overfull \hbox (45.00104pt too wide) in paragraph at lines 2214--2214
[][][]           []\OT1/cmtt/m/n/9 cbf_failnez(cbf_set_real_image_fs (self, res
erved, element_number, compression,  
 []


Overfull \hbox (7.20148pt too wide) in paragraph at lines 2215--2215
[][][]           []\OT1/cmtt/m/n/9 (void *) data,  (size_t) elsize, (size_t) nd
imfast, (size_t)ndimslow));  
 []


Overfull \hbox (45.00104pt too wide) in paragraph at lines 2242--2242
[][][]           []\OT1/cmtt/m/n/9 cbf_failnez(cbf_set_real_image_sf (self, res
erved, element_number, compression,  
 []


Overfull \hbox (7.20148pt too wide) in paragraph at lines 2243--2243
[][][]           []\OT1/cmtt/m/n/9 (void *) data,  (size_t) elsize, (size_t) nd
imslow, (size_t)ndimfast));  
 []


Overfull \hbox (87.52554pt too wide) in paragraph at lines 2261--2261
[][][]             []\OT1/cmtt/m/n/9 char *data, int len, int elsize, int elsig
n, int ndimslow, int ndimmid, int ndimfast){  
 []


Overfull \hbox (21.37631pt too wide) in paragraph at lines 2270--2270
[][][]           []\OT1/cmtt/m/n/9 cbf_failnez(cbf_set_3d_image (self, reserved
, element_number, compression,  
 []


Overfull \hbox (130.05005pt too wide) in paragraph at lines 2271--2271
[][][]           []\OT1/cmtt/m/n/9 (void *) data,  (size_t) elsize, elsign, (si
ze_t) ndimslow, (size_t) ndimmid, (size_t)ndimfast));  
 []


Overfull \hbox (87.52554pt too wide) in paragraph at lines 2289--2289
[][][]             []\OT1/cmtt/m/n/9 char *data, int len, int elsize, int elsig
n, int ndimfast, int ndimmid, int ndimslow){  
 []


Overfull \hbox (35.55115pt too wide) in paragraph at lines 2298--2298
[][][]           []\OT1/cmtt/m/n/9 cbf_failnez(cbf_set_3d_image_fs (self, reser
ved, element_number, compression,  
 []


Overfull \hbox (130.05005pt too wide) in paragraph at lines 2299--2299
[][][]           []\OT1/cmtt/m/n/9 (void *) data,  (size_t) elsize, elsign, (si
ze_t) ndimfast, (size_t) ndimmid, (size_t)ndimslow));  
 []


Overfull \hbox (87.52554pt too wide) in paragraph at lines 2317--2317
[][][]             []\OT1/cmtt/m/n/9 char *data, int len, int elsize, int elsig
n, int ndimslow, int ndimmid, int ndimfast){  
 []


Overfull \hbox (35.55115pt too wide) in paragraph at lines 2326--2326
[][][]           []\OT1/cmtt/m/n/9 cbf_failnez(cbf_set_3d_image_sf (self, reser
ved, element_number, compression,  
 []


Overfull \hbox (130.05005pt too wide) in paragraph at lines 2327--2327
[][][]           []\OT1/cmtt/m/n/9 (void *) data,  (size_t) elsize, elsign, (si
ze_t) ndimslow, (size_t) ndimmid, (size_t)ndimfast));  
 []


Overfull \hbox (2.47653pt too wide) in paragraph at lines 2341--2341
[][][][]\OT1/cmtt/m/n/9 %apply (char *STRING, int LENGTH) { (char *data, int le
n) } set_real_3d_image_sf;  
 []


Overfull \hbox (30.8262pt too wide) in paragraph at lines 2345--2345
[][][]             []\OT1/cmtt/m/n/9 char *data, int len, int elsize, int ndims
low, int ndimmid, int ndimfast){  
 []


Overfull \hbox (45.00104pt too wide) in paragraph at lines 2354--2354
[][][]           []\OT1/cmtt/m/n/9 cbf_failnez(cbf_set_real_3d_image (self, res
erved, element_number, compression,  
 []


Overfull \hbox (87.52554pt too wide) in paragraph at lines 2355--2355
[][][]           []\OT1/cmtt/m/n/9 (void *) data,  (size_t) elsize, (size_t) nd
imslow, (size_t)ndimmid, (size_t)ndimfast));  
 []


Overfull \hbox (2.47653pt too wide) in paragraph at lines 2369--2369
[][][][]\OT1/cmtt/m/n/9 %apply (char *STRING, int LENGTH) { (char *data, int le
n) } set_real_3d_image_fs;  
 []


Overfull \hbox (30.8262pt too wide) in paragraph at lines 2373--2373
[][][]             []\OT1/cmtt/m/n/9 char *data, int len, int elsize, int ndimf
ast, int ndimmid, int ndimslow){  
 []


Overfull \hbox (59.17587pt too wide) in paragraph at lines 2382--2382
[][][]           []\OT1/cmtt/m/n/9 cbf_failnez(cbf_set_real_3d_image_fs (self, 
reserved, element_number, compression,  
 []


Overfull \hbox (87.52554pt too wide) in paragraph at lines 2383--2383
[][][]           []\OT1/cmtt/m/n/9 (void *) data,  (size_t) elsize, (size_t) nd
imfast, (size_t)ndimmid, (size_t)ndimslow));  
 []


Overfull \hbox (2.47653pt too wide) in paragraph at lines 2397--2397
[][][][]\OT1/cmtt/m/n/9 %apply (char *STRING, int LENGTH) { (char *data, int le
n) } set_real_3d_image_sf;  
 []


Overfull \hbox (30.8262pt too wide) in paragraph at lines 2401--2401
[][][]             []\OT1/cmtt/m/n/9 char *data, int len, int elsize, int ndims
low, int ndimmid, int ndimfast){  
 []


Overfull \hbox (59.17587pt too wide) in paragraph at lines 2410--2410
[][][]           []\OT1/cmtt/m/n/9 cbf_failnez(cbf_set_real_3d_image_sf (self, 
reserved, element_number, compression,  
 []


Overfull \hbox (87.52554pt too wide) in paragraph at lines 2411--2411
[][][]           []\OT1/cmtt/m/n/9 (void *) data,  (size_t) elsize, (size_t) nd
imslow, (size_t)ndimmid, (size_t)ndimfast));  
 []


Overfull \hbox (16.65137pt too wide) in paragraph at lines 2423--2423
[][][]     []\OT1/cmtt/m/n/9 void get_image_size(unsigned int element_number, i
nt *ndimslow, int *ndimfast){  
 []


Overfull \hbox (26.10126pt too wide) in paragraph at lines 2427--2427
[][][]        []\OT1/cmtt/m/n/9 cbf_failnez(cbf_get_image_size(self,reserved,el
ement_number,&inslow,&infast));  
 []


Overfull \hbox (7.20148pt too wide) in paragraph at lines 2431--2431
[][][][]\OT1/cmtt/m/n/9 ""","get_image_size",["Integer element_number"],["size_
t ndim1","size_t ndim2"],],  
 []


Overfull \hbox (30.8262pt too wide) in paragraph at lines 2436--2436
[][][]     []\OT1/cmtt/m/n/9 void get_image_size_fs(unsigned int element_number
, int *ndimfast, int *ndimslow){  
 []


Overfull \hbox (40.2761pt too wide) in paragraph at lines 2440--2440
[][][]        []\OT1/cmtt/m/n/9 cbf_failnez(cbf_get_image_size_fs(self,reserved
,element_number,&infast,&inslow));  
 []


Overfull \hbox (49.72598pt too wide) in paragraph at lines 2444--2444
[][][][]\OT1/cmtt/m/n/9 ""","get_image_size_fs",["Integer element_number"],["si
ze_t ndimfast","size_t ndimslow"],],  
 []


Overfull \hbox (30.8262pt too wide) in paragraph at lines 2449--2449
[][][]     []\OT1/cmtt/m/n/9 void get_image_size_sf(unsigned int element_number
, int *ndimslow, int *ndimfast){  
 []


Overfull \hbox (26.10126pt too wide) in paragraph at lines 2453--2453
[][][]        []\OT1/cmtt/m/n/9 cbf_failnez(cbf_get_image_size(self,reserved,el
ement_number,&inslow,&infast));  
 []


Overfull \hbox (49.72598pt too wide) in paragraph at lines 2457--2457
[][][][]\OT1/cmtt/m/n/9 ""","get_image_size_sf",["Integer element_number"],["si
ze_t ndimslow","size_t ndimfast"],],  
 []


Overfull \hbox (7.20148pt too wide) in paragraph at lines 2461--2461
[][][][]\OT1/cmtt/m/n/9 %apply int *OUTPUT {int *ndimslow, int *ndimmid, int *n
dimfast} get_3d_image_size;  
 []


Overfull \hbox (96.97543pt too wide) in paragraph at lines 2462--2462
[][][]     []\OT1/cmtt/m/n/9 void get_3d_image_size(unsigned int element_number
, int *ndimslow, int *ndimmid, int *ndimfast){  
 []


Overfull \hbox (73.35071pt too wide) in paragraph at lines 2466--2466
[][][]        []\OT1/cmtt/m/n/9 cbf_failnez(cbf_get_3d_image_size(self,reserved
,element_number,&inslow,&inmid,&infast));  
 []


Overfull \hbox (130.05005pt too wide) in paragraph at lines 2471--2471
[][][][]\OT1/cmtt/m/n/9 ""","get_3d_image_size",["Integer element_number"],["si
ze_t ndimslow","size_t ndimmid","size_t ndimfast"],],  
 []


Overfull \hbox (7.20148pt too wide) in paragraph at lines 2475--2475
[][][][]\OT1/cmtt/m/n/9 %apply int *OUTPUT {int *ndimslow, int *ndimmid, int *n
dimfast} get_3d_image_size;  
 []


Overfull \hbox (111.15027pt too wide) in paragraph at lines 2476--2476
[][][]     []\OT1/cmtt/m/n/9 void get_3d_image_size_fs(unsigned int element_num
ber, int *ndimfast, int *ndimmid, int *ndimslow){  
 []


Overfull \hbox (87.52554pt too wide) in paragraph at lines 2480--2480
[][][]        []\OT1/cmtt/m/n/9 cbf_failnez(cbf_get_3d_image_size_fs(self,reser
ved,element_number,&infast,&inmid,&inslow));  
 []


Overfull \hbox (130.05005pt too wide) in paragraph at lines 2485--2485
[][][][]\OT1/cmtt/m/n/9 ""","get_3d_image_size",["Integer element_number"],["si
ze_t ndimfast","size_t ndimmid","size_t ndimslow"],],  
 []


Overfull \hbox (21.37631pt too wide) in paragraph at lines 2489--2489
[][][][]\OT1/cmtt/m/n/9 %apply int *OUTPUT {int *ndimslow, int *ndimmid, int *n
dimfast} get_3d_image_size_sf;  
 []


Overfull \hbox (111.15027pt too wide) in paragraph at lines 2490--2490
[][][]     []\OT1/cmtt/m/n/9 void get_3d_image_size_sf(unsigned int element_num
ber, int *ndimslow, int *ndimmid, int *ndimfast){  
 []


Overfull \hbox (87.52554pt too wide) in paragraph at lines 2494--2494
[][][]        []\OT1/cmtt/m/n/9 cbf_failnez(cbf_get_3d_image_size_sf(self,reser
ved,element_number,&inslow,&inmid,&infast));  
 []


Overfull \hbox (144.22488pt too wide) in paragraph at lines 2499--2499
[][][][]\OT1/cmtt/m/n/9 ""","get_3d_image_size_sf",["Integer element_number"],[
"size_t ndimslow","size_t ndimmid","size_t ndimfast"],],  
 []


Overfull \hbox (7.20148pt too wide) in paragraph at lines 2847--2847
[][][][]\OT1/cmtt/m/n/9 ""","get_axis_ancestor",["String axis_id", "Integer anc
estor_index"],["String"],],  
 []


Overfull \hbox (40.2761pt too wide) in paragraph at lines 2879--2879
[][][][]\OT1/cmtt/m/n/9 %apply double *OUTPUT {double *offset1, double *offset2
, double offset3} get_axis_offset;  
 []


Overfull \hbox (40.2761pt too wide) in paragraph at lines 2920--2920
[][][][]\OT1/cmtt/m/n/9 %apply double *OUTPUT {double *vector1, double *vector2
, double vector3} get_axis_vector;  
 []


Overfull \hbox (35.55115pt too wide) in paragraph at lines 3067--3067
[][][]    []\OT1/cmtt/m/n/9 [],["Float a", "Float b", "Float c", "Float alpha",
 "Float beta", "Float gamma" ] ],  
 []


Overfull \hbox (144.22488pt too wide) in paragraph at lines 3102--3102
[][][]    []\OT1/cmtt/m/n/9 [],["Float astar", "Float bstar", "Float cstar", "F
loat alphastar", "Float betastar", "Float gammastar"] ],  
 []


Overfull \hbox (7.20148pt too wide) in paragraph at lines 3106--3106
[][][]  []\OT1/cmtt/m/n/9 double *alpha_esd, double *beta_esd, double *gamma_es
d} get_reciprocal_cell_esd;  
 []


Overfull \hbox (7.20148pt too wide) in paragraph at lines 3220--3220
[][][][]\OT1/cmtt/m/n/9 ""","cbf_require_category_root",["String Categoryname"]
,["String categoryroot"],],  
 []


Overfull \hbox (45.00104pt too wide) in paragraph at lines 3237--3237
[][][]   []\OT1/cmtt/m/n/9 void set_bin_sizes( int element_number, double slowb
insize_in, double fastbinsize_in) {  
 []


Overfull \hbox (30.8262pt too wide) in paragraph at lines 3238--3238
[][][]     []\OT1/cmtt/m/n/9 cbf_failnez(cbf_set_bin_sizes(self,element_number,
slowbinsize_in,fastbinsize_in));  
 []


Overfull \hbox (82.8006pt too wide) in paragraph at lines 3240--3240
[][][][]\OT1/cmtt/m/n/9 ""","set_bin_sizes",["Integer element_number","Float sl
owbinsize_in","Float fastbinsize_in"],[] ],  
 []


Overfull \hbox (16.65137pt too wide) in paragraph at lines 3245--3245
[][][]  []\OT1/cmtt/m/n/9 void get_bin_sizes(int element_number, double *slowbi
nsize, double *fastbinsize) {  
 []


Overfull \hbox (82.8006pt too wide) in paragraph at lines 3246--3246
[][][]    []\OT1/cmtt/m/n/9 cbf_failnez(cbf_get_bin_sizes (self, (unsigned int)
element_number, slowbinsize, fastbinsize));  
 []


Overfull \hbox (49.72598pt too wide) in paragraph at lines 3248--3248
[][][][]\OT1/cmtt/m/n/9 ""","get_bin_sizes",["Integer element_number"],["Float 
slowbinsize","Float fastbinsize"] ],  
 []


Overfull \hbox (2.47653pt too wide) in paragraph at lines 3300--3300
[][][]    []\OT1/cmtt/m/n/9 cbf_failnez(cbf_construct_reference_detector(self,&
detector,element_number));  
 []


Overfull \hbox (45.00104pt too wide) in paragraph at lines 3303--3303
[][][][]\OT1/cmtt/m/n/9 ""","construct_reference_detector",["Integer element_nu
mber"],["pycbf detector object"],],  
 []


Overfull \hbox (35.55115pt too wide) in paragraph at lines 3311--3311
[][][][]\OT1/cmtt/m/n/9 ""","require_reference_detector",["Integer element_numb
er"],["pycbf detector object"],],  
 []


Overfull \hbox (26.10126pt too wide) in paragraph at lines 3336--3336
[][][][]\OT1/cmtt/m/n/9 ""","construct_reference_positioner",["String axis_id"]
,["pycbf positioner object"],],  
 []


Overfull \hbox (7.20148pt too wide) in paragraph at lines 3342--3342
[][][]  []\OT1/cmtt/m/n/9 void get_axis_reference_poise(double *vector1, double
 *vector2, double *vector3,  
 []


Overfull \hbox (2.47653pt too wide) in paragraph at lines 3517--3517
[][][]          []\OT1/cmtt/m/n/9 if args[1].find("cbf")==-1: # but do not try 
the goniometer constructor  
 []


Overfull \hbox (243.44873pt too wide) in paragraph at lines 3613--3613
[][][]  []\OT1/cmtt/m/n/9 %apply double *OUTPUT {double * vector1, double * vec
tor2, double * vector3, double * offset1, double * offset2, double * offset3,  

 []


Overfull \hbox (7.20148pt too wide) in paragraph at lines 3715--3715
[][][]                                    []\OT1/cmtt/m/n/9 indexfast,indexslow
,normal1,normal2,normal3));  
 []


Overfull \hbox (7.20148pt too wide) in paragraph at lines 3727--3727
[][][]                                    []\OT1/cmtt/m/n/9 indexslow,indexfast
,normal1,normal2,normal3));  
 []


Overfull \hbox (45.00104pt too wide) in paragraph at lines 3736--3736
[][][]   []\OT1/cmtt/m/n/9 void get_detector_axis_slow ( double *slowaxis1, dou
ble *slowaxis2, double *slowaxis3){  
 []


Overfull \hbox (45.00104pt too wide) in paragraph at lines 3746--3746
[][][]   []\OT1/cmtt/m/n/9 void get_detector_axis_fast ( double *fastaxis1, dou
ble *fastaxis2, double *fastaxis3){  
 []


Overfull \hbox (16.65137pt too wide) in paragraph at lines 3757--3757
[][][]   []\OT1/cmtt/m/n/9 void get_detector_axes ( double *slowaxis1, double *
slowaxis2, double *slowaxis3,  
 []


Overfull \hbox (21.37631pt too wide) in paragraph at lines 3758--3758
[][][]                            []\OT1/cmtt/m/n/9 double *fastaxis1, double *
fastaxis2, double *fastaxis3){  
 []


Overfull \hbox (30.8262pt too wide) in paragraph at lines 3771--3771
[][][]   []\OT1/cmtt/m/n/9 void get_detector_axes_fs ( double *fastaxis1, doubl
e *fastaxis2, double *fastaxis3,  
 []


Overfull \hbox (35.55115pt too wide) in paragraph at lines 3772--3772
[][][]                               []\OT1/cmtt/m/n/9 double *slowaxis1, doubl
e *slowaxis2, double *slowaxis3){  
 []


Overfull \hbox (30.8262pt too wide) in paragraph at lines 3785--3785
[][][]   []\OT1/cmtt/m/n/9 void get_detector_axes_sf ( double *slowaxis1, doubl
e *slowaxis2, double *slowaxis3,  
 []


Overfull \hbox (21.37631pt too wide) in paragraph at lines 3786--3786
[][][]                            []\OT1/cmtt/m/n/9 double *fastaxis1, double *
fastaxis2, double *fastaxis3){  
 []


Overfull \hbox (11.92642pt too wide) in paragraph at lines 3829--3829
[][][]                                       []\OT1/cmtt/m/n/9 indexfast, index
slow, area,projected_area));  
 []


Overfull \hbox (11.92642pt too wide) in paragraph at lines 3840--3840
[][][]                                       []\OT1/cmtt/m/n/9 indexslow, index
fast, area,projected_area));  
 []


Overfull \hbox (163.12466pt too wide) in paragraph at lines 3887--3887
[][][]      []\OT1/cmtt/m/n/9 cbf_failnez(cbf_get_pixel_coordinates_fs(self, in
dexfast, indexslow, coordinate1, coordinate2, coordinate3));  
 []


Overfull \hbox (163.12466pt too wide) in paragraph at lines 3900--3900
[][][]      []\OT1/cmtt/m/n/9 cbf_failnez(cbf_get_pixel_coordinates_sf(self, in
dexslow, indexfast, coordinate1, coordinate2, coordinate3));  
 []


Overfull \hbox (16.65137pt too wide) in paragraph at lines 3927--3927
[][][][]\OT1/cmtt/m/n/9 ["double indexfast", "double indexslow", "double center
fast","double centerslow"],],  
 []


Overfull \hbox (16.65137pt too wide) in paragraph at lines 3939--3939
[][][][]\OT1/cmtt/m/n/9 ["double indexslow", "double indexfast", "double center
slow","double centerfast"],],  
 []


Overfull \hbox (30.8262pt too wide) in paragraph at lines 3949--3949
[][][][]\OT1/cmtt/m/n/9 ["double indexslow", "double indexfast", "double center
slow","double centerfast"],[],],  
 []


Overfull \hbox (30.8262pt too wide) in paragraph at lines 3959--3959
[][][][]\OT1/cmtt/m/n/9 ["double indexfast", "double indexslow", "double center
fast","double centerslow"],[],],  
 []


Overfull \hbox (30.8262pt too wide) in paragraph at lines 3969--3969
[][][][]\OT1/cmtt/m/n/9 ["double indexslow", "double indexfast", "double center
slow","double centerfast"],[],],  
 []


Overfull \hbox (30.8262pt too wide) in paragraph at lines 3979--3979
[][][][]\OT1/cmtt/m/n/9 ["double indexslow", "double indexfast", "double center
slow","double centerfast"],[],],  
 []


Overfull \hbox (30.8262pt too wide) in paragraph at lines 3989--3989
[][][][]\OT1/cmtt/m/n/9 ["double indexfast", "double indexslow", "double center
fast","double centerslow"],[],],  
 []


Overfull \hbox (30.8262pt too wide) in paragraph at lines 3999--3999
[][][][]\OT1/cmtt/m/n/9 ["double indexslow", "double indexfast", "double center
slow","double centerfast"],[],],  
 []


Overfull \hbox (49.72598pt too wide) in paragraph at lines 4200--4200
[][][]  []\OT1/cmtt/m/n/9 void compute_reciprocal_cell(double cell[6], double *
astar, double *bstar, double *cstar,  
 []


Overfull \hbox (111.15027pt too wide) in paragraph at lines 4214--4214
[][][][]\OT1/cmtt/m/n/9 ["Float astar", "Float bstar", "Float cstar", "Float al
phastar", "Float betastar", "Float gammastar"] ],  
 []


Overfull \hbox (106.42532pt too wide) in paragraph at lines 4225--4225
[][][][]\OT1/cmtt/m/n/9 ""","airy_disk",["double x", "double y", "double cenx",
 "double ceny", "double volume", "double fwhm"],  
 []


Overfull \hbox (21.37631pt too wide) in paragraph at lines 4233--4233
[][][][]\OT1/cmtt/m/n/9 cbf_failnez(cbf_airy_disk_volume(xlo,ylo,xhi,yhi,cenx,c
eny,volumein,fwhm,volumeout));  
 []


Overfull \hbox (300.14807pt too wide) in paragraph at lines 4237--4237
[][][][]\OT1/cmtt/m/n/9 ""","airy_disk_volume",["double xlo", "double ylo", "do
uble xhi", "double yhi", "double cenx", "double ceny", "double volumein", "doub
le fwhm"],  
 []


Overfull \hbox (16.65137pt too wide) in paragraph at lines 4326--4326
[][][]           []\OT1/cmtt/m/n/9 cbf_handle_wrapper.wrap("cbf_get_unit_cell_e
sd",prototype,args,docstring)  
 []


Overfull \hbox (45.00104pt too wide) in paragraph at lines 4328--4328
[][][]           []\OT1/cmtt/m/n/9 cbf_handle_wrapper.wrap("cbf_get_reciprocal_
cell_esd",prototype,args,docstring)  
 []


Overfull \hbox (16.65137pt too wide) in paragraph at lines 4330--4330
[][][]           []\OT1/cmtt/m/n/9 cbf_handle_wrapper.wrap("cbf_set_unit_cell_e
sd",prototype,args,docstring)  
 []


Overfull \hbox (45.00104pt too wide) in paragraph at lines 4332--4332
[][][]           []\OT1/cmtt/m/n/9 cbf_handle_wrapper.wrap("cbf_set_reciprocal_
cell_esd",prototype,args,docstring)  
 []

! Dimension too large.
\height ->\ht \@tempboxa 
                         
l.4363 \end{minipage}
                     \vspace{4ex}
? 

Overfull \hbox (304.87302pt too wide) in paragraph at lines 4392--4392
[][][]         []\OT1/cmtt/m/n/9 'm4_ifelse(regexlibdir,`NOREGEXLIBDIR',`librar
y_dirs=["../solib/","../lib/"],',`library_dirs=["../solib/","../lib/","'regexli
bdir`"],')`  
 []


Overfull \hbox (399.37192pt too wide) in paragraph at lines 4393--4393
[][][]         []\OT1/cmtt/m/n/9 'm4_ifelse(regexlib,`',`libraries=["cbf"],', `
m4_ifelse(regexlib2,`',`libraries=["cbf","'regexlib`"],',`libraries=["cbf","'re
gexlib`","'regexlib2`"],')'  )`  
 []


Underfull \vbox (badness 1248) has occurred while \output is active []

 [10]
Underfull \vbox (badness 10000) has occurred while \output is active []

 [11]
[12] (./TODO.txt)
Underfull \vbox (badness 10000) has occurred while \output is active []

 [13]
Overfull \vbox (68.62393pt too high) has occurred while \output is active []


[14]
! Missing $ inserted.
<inserted text> 
                $
l.4741 ...n of pycbf_test1 with write logic added}
                                                  
? 
! Missing $ inserted.
<inserted text> 
                $
l.4741 ...n of pycbf_test1 with write logic added}
                                                  
? 

Package hyperref Warning: Token not allowed in a PDF string (PDFDocEncoding):
(hyperref)                removing `subscript' on input line 4741.


Underfull \vbox (badness 4899) has occurred while \output is active []

 [15]
Underfull \vbox (badness 10000) has occurred while \output is active []

 [16]
Overfull \vbox (472.76971pt too high) has occurred while \output is active []


! Missing $ inserted.
<inserted text> 
                $
l.4859 \end{flushleft}
                      
? 
LaTeX Font Info:    External font `cmex10' loaded for size
(Font)              <7> on input line 4859.
! Missing $ inserted.
<inserted text> 
                $
l.4859 \end{flushleft}
                      
? 
[17]
Overfull \hbox (68.62576pt too wide) in paragraph at lines 4886--4886
[][][]    []\OT1/cmtt/m/n/9 print('(0, 0) v00 [ %.9f %.9f %.9f ]' %(round(v00[0
],9), round(v00[1],9), round(v00[2],9)))  
 []


Overfull \hbox (68.62576pt too wide) in paragraph at lines 4887--4887
[][][]    []\OT1/cmtt/m/n/9 print('(0, 1) v01 [ %.9g %.9g %.9g ]' %(round(v01[0
],9), round(v01[1],9), round(v01[2],9)))  
 []


Overfull \hbox (68.62576pt too wide) in paragraph at lines 4888--4888
[][][]    []\OT1/cmtt/m/n/9 print('(1, 0) v10 [ %.9g %.9g %.9g ]' %(round(v10[0
],9), round(v10[1],9), round(v10[2],9)))  
 []


Overfull \hbox (68.62576pt too wide) in paragraph at lines 4889--4889
[][][]    []\OT1/cmtt/m/n/9 print('(1, 1) v11 [ %.9g %.9g %.9g ]' %(round(v11[0
],9), round(v11[1],9), round(v11[2],9)))  
 []


Overfull \hbox (49.72598pt too wide) in paragraph at lines 4891--4891
[][][]    []\OT1/cmtt/m/n/9 print("surface axes:",  d.get_detector_surface_axes
(0), d.get_detector_surface_axes(1))  
 []


Overfull \hbox (182.02444pt too wide) in paragraph at lines 4893--4893
[][][]    []\OT1/cmtt/m/n/9 print(d.get_detector_surface_axes(0), "has", cbf.co
unt_axis_ancestors(d.get_detector_surface_axes(0)), "ancestors")  
 []


Overfull \hbox (182.02444pt too wide) in paragraph at lines 4894--4894
[][][]    []\OT1/cmtt/m/n/9 print(d.get_detector_surface_axes(1), "has", cbf.co
unt_axis_ancestors(d.get_detector_surface_axes(1)), "ancestors")  
 []


Overfull \hbox (16.65137pt too wide) in paragraph at lines 4903--4903
[][][]        []\OT1/cmtt/m/n/9 print("    equipment_component", cbf.get_axis_e
quipment_component(cur_axis))  
 []


Overfull \hbox (134.775pt too wide) in paragraph at lines 4905--4905
[][][]        []\OT1/cmtt/m/n/9 print("    vector [ %.8g %.8g %.8g ]" % (round(
vector[0],7), round(vector[1],7), round(vector[2],7)))  
 []


Overfull \hbox (134.775pt too wide) in paragraph at lines 4907--4907
[][][]        []\OT1/cmtt/m/n/9 print("    offset [ %.8g %.8g %.8g ]" % (round(
offset[0],7), round(offset[1],7), round(offset[2],7)))  
 []


Underfull \vbox (badness 6675) has occurred while \output is active []

 [18]
Overfull \hbox (2.47653pt too wide) in paragraph at lines 5052--5052
[][][]         []\OT1/cmtt/m/n/9 UINT32        header_major_version;     /* hea
der_major_version  (n.) */  
 []


Overfull \hbox (2.47653pt too wide) in paragraph at lines 5053--5053
[][][]         []\OT1/cmtt/m/n/9 UINT32        header_minor_version;     /* hea
der_minor_version  (.n) */  
 []


Overfull \hbox (2.47653pt too wide) in paragraph at lines 5090--5090
[][][]         []\OT1/cmtt/m/n/9 UINT32        background_applied; /* flags cor
rection has been applied -  
 []


Overfull \hbox (2.47653pt too wide) in paragraph at lines 5092--5092
[][][]         []\OT1/cmtt/m/n/9 UINT32        bias_applied;       /* flags cor
rection has been applied -  
 []


Overfull \hbox (2.47653pt too wide) in paragraph at lines 5094--5094
[][][]         []\OT1/cmtt/m/n/9 UINT32        flatfield_applied;  /* flags cor
rection has been applied -  
 []


Overfull \hbox (2.47653pt too wide) in paragraph at lines 5096--5096
[][][]         []\OT1/cmtt/m/n/9 UINT32        distortion_applied; /* flags cor
rection has been applied -  
 []


Overfull \hbox (2.47653pt too wide) in paragraph at lines 5115--5115
[][][]         []\OT1/cmtt/m/n/9 UINT32        pixel_noise[MAXIMAGES]; /* 1000*
base noise value (ADUs) */  
 []


Overfull \hbox (2.47653pt too wide) in paragraph at lines 5159--5159
[][][]         []\OT1/cmtt/m/n/9 INT32 measured_bias[MAXIMAGES]; /* 1000*mean b
ias value for each image*/  
 []


Underfull \vbox (badness 10000) has occurred while \output is active []

 [19]
Overfull \vbox (3050.37395pt too high) has occurred while \output is active []


[20]
Underfull \vbox (badness 10000) has occurred while \output is active []

 [21]
Overfull \vbox (2159.37395pt too high) has occurred while \output is active []


[22]
Underfull \vbox (badness 10000) has occurred while \output is active []

 [23]
Overfull \vbox (1752.37395pt too high) has occurred while \output is active []


[24]
Package atveryend Info: Empty hook `BeforeClearDocument' on input line 5809.
Package atveryend Info: Empty hook `AfterLastShipout' on input line 5809.
 (./pycbf.aux)
Package atveryend Info: Empty hook `AtVeryEndDocument' on input line 5809.
Package atveryend Info: Executing hook `AtEndAfterFileList' on input line 5809.

Package rerunfilecheck Info: File `pycbf.out' has not changed.
(rerunfilecheck)             Checksum: C40E1AF70132977B75FA22B99BFA4205;1575.
Package atveryend Info: Empty hook `AtVeryVeryEnd' on input line 5809.
 ) 
Here is how much of TeX's memory you used:
 4858 strings out of 494918
 72054 string characters out of 6180725
 761526 words of memory out of 5000000
 8160 multiletter control sequences out of 15000+600000
 9920 words of font info for 35 fonts, out of 8000000 for 9000
 14 hyphenation exceptions out of 8191
 35i,11n,43p,225b,473s stack positions out of 5000i,500n,10000p,200000b,80000s

Output written on pycbf.dvi (24 pages, 221548 bytes).
